android/proguard/seeds.txt
com.jaxo.android.rexx.About
com.jaxo.android.rexx.Launcher
com.jaxo.android.rexx.Preferences
com.jaxo.android.rexx.Rexx
com.jaxo.android.rexx.Rexx: int interpret(java.lang.String,com.jaxo.android.rexx.RexxConsole,com.jaxo.android.rexx.Speaker)
com.jaxo.android.rexx.RexxConsole
com.jaxo.android.rexx.RexxConsole: java.lang.String m_result
com.jaxo.android.rexx.RexxConsole: java.lang.String m_errMessage
com.jaxo.android.rexx.RexxConsole: int system(java.lang.String[])
com.jaxo.android.rexx.RexxConsole: int get()
com.jaxo.android.rexx.RexxConsole: void put(int)
com.jaxo.android.rexx.ScriptEditor
com.jaxo.android.rexx.ScriptsList
com.jaxo.android.rexx.Speaker
com.jaxo.android.rexx.Speaker: void say(java.lang.String)