android/proguard/mapping.txt
com.jaxo.android.rexx.About -> com.jaxo.android.rexx.About:
    void onCreate(android.os.Bundle) -> onCreate
com.jaxo.android.rexx.Launcher -> com.jaxo.android.rexx.Launcher:
    void onCreate(android.os.Bundle) -> onCreate
com.jaxo.android.rexx.Launcher$1 -> com.jaxo.android.rexx.a:
    com.jaxo.android.rexx.Launcher this$0 -> a
    void handleMessage(android.os.Message) -> handleMessage
com.jaxo.android.rexx.Preferences -> com.jaxo.android.rexx.Preferences:
    void onCreate(android.os.Bundle) -> onCreate
    android.content.SharedPreferences getPreferences(android.content.Context) -> a
com.jaxo.android.rexx.Rexx -> com.jaxo.android.rexx.Rexx:
    java.lang.String SCRIPT_CONTENT_KEY -> a
    java.lang.String RESULT_KEY -> b
    java.lang.String REXX_MESSAGE_KEY -> c
    java.lang.String REXX_ERRORCODE_KEY -> d
    int RESULTCODE_OK -> e
    int RESULTCODE_ERROR -> f
    int RESULTCODE_EXCEPTION_THROWN -> g
    com.jaxo.android.rexx.RexxConsole m_console -> h
    com.jaxo.android.rexx.Speaker m_speaker -> i
    void onCreate(android.os.Bundle) -> onCreate
    int interpret(java.lang.String,com.jaxo.android.rexx.RexxConsole,com.jaxo.android.rexx.Speaker) -> interpret
    com.jaxo.android.rexx.RexxConsole access$0(com.jaxo.android.rexx.Rexx) -> a
    com.jaxo.android.rexx.Speaker access$1(com.jaxo.android.rexx.Rexx) -> b
com.jaxo.android.rexx.Rexx$1 -> com.jaxo.android.rexx.b:
    com.jaxo.android.rexx.Rexx this$0 -> a
    java.lang.String val$content -> b
    void run() -> run
com.jaxo.android.rexx.RexxConsole -> com.jaxo.android.rexx.RexxConsole:
    android.app.Activity m_activity -> a
    java.lang.Object m_lock -> b
    android.text.Editable m_outBuf -> c
    java.lang.StringBuilder m_inBuf -> d
    java.lang.String m_result -> m_result
    java.lang.String m_errMessage -> m_errMessage
    byte[] m_tmpBuf -> e
    int m_tmpBufPos -> f
    int system(java.lang.String[]) -> system
    int get() -> get
    void put(int) -> put
    void flush() -> a
    boolean onKey(android.view.View,int,android.view.KeyEvent) -> onKey
com.jaxo.android.rexx.RexxConsole$1 -> com.jaxo.android.rexx.c:
    com.jaxo.android.rexx.RexxConsole this$0 -> a
    java.lang.String val$out -> b
    void run() -> run
com.jaxo.android.rexx.RexxDatabase -> com.jaxo.android.rexx.d:
    android.content.Context m_context -> a
    android.database.sqlite.SQLiteDatabase m_db -> b
    void onCreate(android.database.sqlite.SQLiteDatabase) -> onCreate
    void onUpgrade(android.database.sqlite.SQLiteDatabase,int,int) -> onUpgrade
    void createDb(android.database.sqlite.SQLiteDatabase) -> a
    android.database.Cursor queryScripts() -> a
    android.content.ContentValues queryScript(long) -> a
    java.lang.Long saveScript(java.lang.Long,android.content.ContentValues) -> a
    boolean deleteScript(long) -> b
    int statusToBulletImage(int) -> a