android/proguard/usage.txt
com.jaxo.android.rexx.BuildConfig
com.jaxo.android.rexx.Launcher:
    private static final int STOP_SPLASH
com.jaxo.android.rexx.R
com.jaxo.android.rexx.R$anim
com.jaxo.android.rexx.R$attr
com.jaxo.android.rexx.R$color
com.jaxo.android.rexx.R$drawable
com.jaxo.android.rexx.R$id
com.jaxo.android.rexx.R$layout
com.jaxo.android.rexx.R$string
com.jaxo.android.rexx.R$style
com.jaxo.android.rexx.RexxConsole:
    private static final int TMP_BUFSIZE
com.jaxo.android.rexx.RexxDatabase:
    public static final java.lang.String _ID
    public static final java.lang.String TITLE
    public static final java.lang.String BODY
    public static final java.lang.String UPDATE_DATE
    public static final java.lang.String STATUS
    public static final int STATUS_UNKNOWN
    public static final int STATUS_ERRONEOUS
    public static final int STATUS_COMPILED
    public static final java.lang.String FLAGS
    private static final java.lang.String SCRIPTS_TABLE_NAME
    private static final java.lang.String DATABASE_NAME
    private static final int DATABASE_VERSION
    private static final java.lang.String ASSET_PATH
com.jaxo.android.rexx.ScriptEditor:
    public static final java.lang.String CONTENT
    public static final java.lang.String FOR_IMMEDIATE_RUN
com.jaxo.android.rexx.ScriptsList:
    private static final int NEW_SCRIPT_REQCODE
    private static final int EDIT_SCRIPT_REQCODE
    private static final int PREFERENCES_ID
    private static final int NEW_ID
    private static final int INFO_ID
    private static final int EDIT_ID
    private static final int RUN_ID
    private static final int DELETE_ID
com.jaxo.android.rexx.Speaker:
    private static final java.lang.String TAG
    private static final int SPEAK
    private static final int CLOSE
    private static final java.lang.String UTTERANCE_ID
    54:54:Speaker(android.content.Context)
...
android.annotation.SuppressLint
android.annotation.TargetApi